<?xml version="1.0" encoding="UTF-8"?>
<testsuite xmlns:xsi="http://www.w3.org/2001/XMLSchema-instance" xsi:noNamespaceSchemaLocation="https://maven.apache.org/surefire/maven-surefire-plugin/xsd/surefire-test-report.xsd" name="TestSuite" time="12.516" tests="1" errors="0" skipped="0" failures="0">
  <properties>
    <property name="PROCESSOR_ARCHITECTURE" value="AMD64"/>
    <property name="file.encoding.pkg" value="sun.io"/>
    <property name="LOGONSERVER" value="\\HP"/>
    <property name="classpath" value=""/>
    <property name="ProgramData" value="C:\ProgramData"/>
    <property name="java.home" value="C:\Program Files\Java\jdk1.8.0_92\jre"/>
    <property name="NODE_NAME" value="master"/>
    <property name="JENKINS_URL" value="http://localhost:8080/"/>
    <property name="ALLUSERSPROFILE" value="C:\ProgramData"/>
    <property name="java.endorsed.dirs" value="C:\Program Files\Java\jdk1.8.0_92\jre\lib\endorsed"/>
    <property name="PSModulePath" value="C:\Windows\system32\WindowsPowerShell\v1.0\Modules\;C:\Program Files (x86)\AutoIt3\AutoItX"/>
    <property name="USERDOMAIN" value="HP"/>
    <property name="sun.os.patch.level" value=""/>
    <property name="java.vendor.url" value="http://java.oracle.com/"/>
    <property name="CommonProgramFiles(x86)" value="C:\Program Files (x86)\Common Files"/>
    <property name="java.version" value="1.8.0_92"/>
    <property name="JOB_NAME" value="WebAutomation"/>
    <property name="COMPUTERNAME" value="HP"/>
    <property name="ANDROID_HOME" value="C:\Users\Ranosys\android-sdks"/>
    <property name="java.vendor.url.bug" value="http://bugreport.sun.com/bugreport/"/>
    <property name="PUBLIC" value="C:\Users\Public"/>
    <property name="user.name" value="Ranosys-QA"/>
    <property name="sun.io.unicode.encoding" value="UnicodeLittle"/>
    <property name="sun.jnu.encoding" value="Cp1252"/>
    <property name="java.runtime.name" value="Java(TM) SE Runtime Environment"/>
    <property name="windir" value="C:\Windows"/>
    <property name="PROCESSOR_IDENTIFIER" value="Intel64 Family 6 Model 69 Stepping 1, GenuineIntel"/>
    <property name="GIT_COMMITTER_EMAIL" value="indrapals624@gmail.com"/>
    <property name="java.specification.name" value="Java Platform API Specification"/>
    <property name="LOCALAPPDATA" value="C:\Users\Ranosys\AppData\Local"/>
    <property name="RUN_CHANGES_DISPLAY_URL" value="http://localhost:8080/job/WebAutomation/80/display/redirect?page=changes"/>
    <property name="user.timezone" value="Asia/Calcutta"/>
    <property name="user.script" value=""/>
    <property name="path.separator" value=";"/>
    <property name="NUMBER_OF_PROCESSORS" value="4"/>
    <property name="BUILD_TAG" value="jenkins-WebAutomation-80"/>
    <property name="file.encoding" value="Cp1252"/>
    <property name="sun.java.command" value="jenkins.maven3.agent.Maven33Main C:\apache-maven-3.3.3 C:\Users\Ranosys\.jenkins\war\WEB-INF\lib\remoting-3.14.jar C:\Users\Ranosys\.jenkins\plugins\maven-plugin\WEB-INF\lib\maven33-interceptor-1.12-alpha-1.jar C:\Users\Ranosys\.jenkins\plugins\maven-plugin\WEB-INF\lib\maven3-interceptor-commons-1.12-alpha-1.jar 63287"/>
    <property name="HUDSON_URL" value="http://localhost:8080/"/>
    <property name="JENKINS_SERVER_COOKIE" value="9b76ade4cab237ef"/>
    <property name="=D:" value="D:\Tools\Automation Tools"/>
    <property name="EXECUTOR_NUMBER" value="0"/>
    <property name="Path" value="C:\Program Files\Java\jdk1.8.0_92/bin;C:\app\Indrapal\product\12.1.0\dbhome_1\bin;C:\ProgramData\Oracle\Java\javapath;C:\Program Files (x86)\NVIDIA Corporation\PhysX\Common;C:\Windows\system32;C:\Windows;C:\Windows\System32\Wbem;C:\Windows\System32\WindowsPowerShell\v1.0\;C:\sdk\sdk\platform-tools;C:\apache-ant-1.9.6\bin;C:\apache-maven-3.3.3\bin;%M2%;C:\apache-maven-3.3.3;C:\Users\Ranosys\Downloads\IEDriverServer\;%Android_Home%\platform-tools;C:\apache-maven-3.3.3\bin;C:\Program Files\Git\cmd;C:\Program Files\Java\jdk1.8.0_92\BIN;D:\Tools\Modile Automation\android-sdk-windows\tools;D:\Tools\Modile Automation\android-sdk-windows\platform-tools;C:\Program Files\nodejs\;C:\Program Files\Java\jdk1.8.0_92\bin;C:\Users\Ranosys\android-sdks\platform-tools\;C:\Users\Ranosys\android-sdks\tools\;C:\Users\Ranosys\AppData\Roaming\npm;C:\Program Files\Docker Toolbox;C:\Python27\Scripts;C:\Python27;%WORKSPACE%;C:\Users\Ranosys\.jenkins;C:\Users\Ranosys\AppData\Local\atom\bin;C:\Zap\ZAP_D-2018-05-29"/>
    <property name="GIT_COMMIT" value="3861ad58500ac61e11d760122f3e7fa4cd6dbf98"/>
    <property name="GIT_COMMITTER_NAME" value="indrapalrano"/>
    <property name="java.io.tmpdir" value="C:\Users\Ranosys\AppData\Local\Temp\"/>
    <property name="APPDATA" value="C:\Users\Ranosys\AppData\Roaming"/>
    <property name="user.language" value="en"/>
    <property name="line.separator" value="&#10;"/>
    <property name="BUILD_URL" value="http://localhost:8080/job/WebAutomation/80/"/>
    <property name="M2_HOME" value="C:\apache-maven-3.3.3"/>
    <property name="=C:" value="C:\Windows\System32"/>
    <property name="PATH+CHROMEDRIVER" value="C:\Users\Ranosys\.jenkins\tools\chromedriver"/>
    <property name="ZAP_HOME" value="C:\Zap\ZAP_D-2018-05-29"/>
    <property name="java.vm.info" value="mixed mode"/>
    <property name="sun.desktop" value="windows"/>
    <property name="java.vm.specification.name" value="Java Virtual Machine Specification"/>
    <property name="BUILD_DISPLAY_NAME" value="#80"/>
    <property name="OS" value="Windows_NT"/>
    <property name="guice.disable.misplaced.annotation.check" value="true"/>
    <property name="HUDSON_SERVER_COOKIE" value="9b76ade4cab237ef"/>
    <property name="MAVEN_HOME" value="C:\apache-maven-3.3.3"/>
    <property name="SESSIONNAME" value="Console"/>
    <property name="PATHEXT" value=".COM;.EXE;.BAT;.CMD;.VBS;.VBE;.JS;.JSE;.WSF;.WSH;.MSC"/>
    <property name="java.awt.printerjob" value="sun.awt.windows.WPrinterJob"/>
    <property name="maven3.interceptor.common" value="C:\Users\Ranosys\.jenkins\plugins\maven-plugin\WEB-INF\lib\maven3-interceptor-commons-1.12-alpha-1.jar"/>
    <property name="HOMEPATH" value="\Users\Ranosys"/>
    <property name="OPENSSL_CONF" value="C:\OpenSSL-Win64\bin\openssl.cfg"/>
    <property name="os.name" value="Windows 8.1"/>
    <property name="java.specification.vendor" value="Oracle Corporation"/>
    <property name="FP_NO_HOST_CHECK" value="NO"/>
    <property name="java.vm.name" value="Java HotSpot(TM) 64-Bit Server VM"/>
    <property name="BUILD_NUMBER" value="80"/>
    <property name="maven3.interceptor" value="C:\Users\Ranosys\.jenkins\plugins\maven-plugin\WEB-INF\lib\maven33-interceptor-1.12-alpha-1.jar"/>
    <property name="java.library.path" value="C:\Program Files\Java\jdk1.8.0_92\bin;C:\Windows\Sun\Java\bin;C:\Windows\system32;C:\Windows;C:\apache-maven-3.3.3/bin;C:\Program Files\Java\jdk1.8.0_92/bin;C:\Users\Ranosys\.jenkins\tools\chromedriver;C:\Program Files\Java\jdk1.8.0_92/bin;C:\app\Indrapal\product\12.1.0\dbhome_1\bin;C:\ProgramData\Oracle\Java\javapath;C:\Program Files (x86)\NVIDIA Corporation\PhysX\Common;C:\Windows\system32;C:\Windows;C:\Windows\System32\Wbem;C:\Windows\System32\WindowsPowerShell\v1.0\;C:\sdk\sdk\platform-tools;C:\apache-ant-1.9.6\bin;C:\apache-maven-3.3.3\bin;%M2%;C:\apache-maven-3.3.3;C:\Users\Ranosys\Downloads\IEDriverServer\;%Android_Home%\platform-tools;C:\apache-maven-3.3.3\bin;C:\Program Files\Git\cmd;C:\Program Files\Java\jdk1.8.0_92\BIN;D:\Tools\Modile Automation\android-sdk-windows\tools;D:\Tools\Modile Automation\android-sdk-windows\platform-tools;C:\Program Files\nodejs\;C:\Program Files\Java\jdk1.8.0_92\bin;C:\Users\Ranosys\android-sdks\platform-tools\;C:\Users\Ranosys\android-sdks\tools\;C:\Users\Ranosys\AppData\Roaming\npm;C:\Program Files\Docker Toolbox;C:\Python27\Scripts;C:\Python27;%WORKSPACE%;C:\Users\Ranosys\.jenkins;C:\Users\Ranosys\AppData\Local\atom\bin;C:\Zap\ZAP_D-2018-05-29;."/>
    <property name="HOMEDRIVE" value="C:"/>
    <property name="GIT_AUTHOR_EMAIL" value="indrapals624@gmail.com"/>
    <property name="POM_GROUPID" value="FreeCRMTestAutomation"/>
    <property name="POM_ARTIFACTID" value="FreeCRMTest"/>
    <property name="java.class.version" value="52.0"/>
    <property name="JOB_URL" value="http://localhost:8080/job/WebAutomation/"/>
    <property name="GIT_PREVIOUS_COMMIT" value="3861ad58500ac61e11d760122f3e7fa4cd6dbf98"/>
    <property name="GIT_BRANCH" value="origin/master"/>
    <property name="RUN_DISPLAY_URL" value="http://localhost:8080/job/WebAutomation/80/display/redirect"/>
    <property name="VBOX_MSI_INSTALL_PATH" value="C:\Program Files\Oracle\VirtualBox\"/>
    <property name="JENKINS_HOME" value="C:\Users\Ranosys\.jenkins"/>
    <property name="BUILD_ID" value="80"/>
    <property name="TEMP" value="C:\Users\Ranosys\AppData\Local\Temp"/>
    <property name="sun.boot.library.path" value="C:\Program Files\Java\jdk1.8.0_92\jre\bin"/>
    <property name="sun.management.compiler" value="HotSpot 64-Bit Tiered Compilers"/>
    <property name="java.awt.graphicsenv" value="sun.awt.Win32GraphicsEnvironment"/>
    <property name="user.variant" value=""/>
    <property name="PROCESSOR_REVISION" value="4501"/>
    <property name="POM_VERSION" value="0.0.1-SNAPSHOT"/>
    <property name="HUDSON_HOME" value="C:\Users\Ranosys\.jenkins"/>
    <property name="GIT_PREVIOUS_SUCCESSFUL_COMMIT" value="3861ad58500ac61e11d760122f3e7fa4cd6dbf98"/>
    <property name="ProgramFiles(x86)" value="C:\Program Files (x86)"/>
    <property name="PATH+MAVEN" value="C:\apache-maven-3.3.3/bin"/>
    <property name="USERDOMAIN_ROAMINGPROFILE" value="HP"/>
    <property name="PROMPT" value="$P$G"/>
    <property name="java.vm.specification.version" value="1.8"/>
    <property name="JAVA_HOME" value="C:\Program Files\Java\jdk1.8.0_92"/>
    <property name="awt.toolkit" value="sun.awt.windows.WToolkit"/>
    <property name="NODE_LABELS" value="master"/>
    <property name="sun.cpu.isalist" value="amd64"/>
    <property name="USERPROFILE" value="C:\Users\Ranosys"/>
    <property name="JOB_DISPLAY_URL" value="http://localhost:8080/job/WebAutomation/display/redirect"/>
    <property name="java.ext.dirs" value="C:\Program Files\Java\jdk1.8.0_92\jre\lib\ext;C:\Windows\Sun\Java\lib\ext"/>
    <property name="os.version" value="6.3"/>
    <property name="user.home" value="C:\Users\Ranosys"/>
    <property name="USERNAME" value="Ranosys-QA"/>
    <property name="java.vm.vendor" value="Oracle Corporation"/>
    <property name="PROCESSOR_LEVEL" value="6"/>
    <property name="CommonProgramW6432" value="C:\Program Files\Common Files"/>
    <property name="user.dir" value="D:\Workspace2\MyPOMFramework\PageObjectModel"/>
    <property name="ProgramW6432" value="C:\Program Files"/>
    <property name="TMP" value="C:\Users\Ranosys\AppData\Local\Temp"/>
    <property name="DOCKER_TOOLBOX_INSTALL_PATH" value="C:\Program Files\Docker Toolbox"/>
    <property name="sun.cpu.endian" value="little"/>
    <property name="SystemDrive" value="C:"/>
    <property name="java.vm.version" value="25.92-b14"/>
    <property name="java.class.path" value="C:\Users\Ranosys\.jenkins\plugins\maven-plugin\WEB-INF\lib\maven33-agent-1.12-alpha-1.jar;C:\apache-maven-3.3.3\boot\plexus-classworlds-2.5.2.jar;C:\apache-maven-3.3.3/conf/logging"/>
    <property name="org.slf4j.simpleLogger.defaultLogLevel" value="info"/>
    <property name="MAVEN_OPTS" value="-Xms256m -Xmx512m"/>
    <property name="os.arch" value="amd64"/>
    <property name="WORKSPACE" value="C:\Users\Ranosys\.jenkins\workspace\WebAutomation"/>
    <property name="ComSpec" value="C:\Windows\system32\cmd.exe"/>
    <property name="sun.java.launcher" value="SUN_STANDARD"/>
    <property name="SystemRoot" value="C:\Windows"/>
    <property name="CommonProgramFiles" value="C:\Program Files\Common Files"/>
    <property name="java.vm.specification.vendor" value="Oracle Corporation"/>
    <property name="file.separator" value="\"/>
    <property name="java.runtime.version" value="1.8.0_92-b14"/>
    <property name="ProgramFiles" value="C:\Program Files"/>
    <property name="sun.boot.class.path" value="C:\Program Files\Java\jdk1.8.0_92\jre\lib\resources.jar;C:\Program Files\Java\jdk1.8.0_92\jre\lib\rt.jar;C:\Program Files\Java\jdk1.8.0_92\jre\lib\sunrsasign.jar;C:\Program Files\Java\jdk1.8.0_92\jre\lib\jsse.jar;C:\Program Files\Java\jdk1.8.0_92\jre\lib\jce.jar;C:\Program Files\Java\jdk1.8.0_92\jre\lib\charsets.jar;C:\Program Files\Java\jdk1.8.0_92\jre\lib\jfr.jar;C:\Program Files\Java\jdk1.8.0_92\jre\classes"/>
    <property name="PATH+JDK" value="C:\Program Files\Java\jdk1.8.0_92/bin"/>
    <property name="user.country" value="IN"/>
    <property name="POM_PACKAGING" value="jar"/>
    <property name="maven.home" value="C:\apache-maven-3.3.3"/>
    <property name="JOB_BASE_NAME" value="WebAutomation"/>
    <property name="HOME" value="C:\Users\Ranosys"/>
    <property name="java.vendor" value="Oracle Corporation"/>
    <property name="GIT_AUTHOR_NAME" value="indrapalrano"/>
    <property name="POM_DISPLAYNAME" value="FreeCRMTest"/>
    <property name="java.specification.version" value="1.8"/>
    <property name="sun.arch.data.model" value="64"/>
    <property name="GIT_URL" value="https://gitlab.com/indrapalrano/AutomationPractice.git"/>
  </properties>
  <testcase name="crmLogoImageTest" classname="com.crm.qa.testcases.LoginPageTest" time="0.081"/>
</testsuite>