<?xml version="1.0" encoding="UTF-8"?>
<!-- Generated by org.testng.reporters.JUnitReportReporter -->
<testsuite skipped="0" hostname="HP" name="com.crm.qa.testcases.LoginPageTest" tests="1" failures="0" timestamp="12 Jul 2018 07:23:49 GMT" time="11.801" errors="0">
  <testcase name="crmLogoImageTest" time="11.801" classname="com.crm.qa.testcases.LoginPageTest"/>
</testsuite> <!-- com.crm.qa.testcases.LoginPageTest -->
